2020-06-26 15:10:57,558 0      [           main] INFO  aba.druid.pool.DruidDataSource  - {dataSource-1} inited
2020-06-26 15:10:58,106 548    [extShutdownHook] INFO  aba.druid.pool.DruidDataSource  - {dataSource-1} closing ...
2020-06-26 15:10:58,142 584    [extShutdownHook] INFO  aba.druid.pool.DruidDataSource  - {dataSource-1} closed
2020-06-26 15:11:48,405 0      [           main] INFO  aba.druid.pool.DruidDataSource  - {dataSource-1} inited
2020-06-26 15:11:48,806 401    [extShutdownHook] INFO  aba.druid.pool.DruidDataSource  - {dataSource-1} closing ...
2020-06-26 15:11:48,810 405    [extShutdownHook] INFO  aba.druid.pool.DruidDataSource  - {dataSource-1} closed
2020-06-26 15:50:51,592 0      [           main] INFO  aba.druid.pool.DruidDataSource  - {dataSource-1} inited
2020-06-26 15:50:51,831 239    [extShutdownHook] INFO  aba.druid.pool.DruidDataSource  - {dataSource-1} closing ...
2020-06-26 15:50:51,835 243    [extShutdownHook] INFO  aba.druid.pool.DruidDataSource  - {dataSource-1} closed
2020-06-26 15:51:23,595 0      [           main] INFO  aba.druid.pool.DruidDataSource  - {dataSource-0} closing ...
2020-06-26 15:51:34,846 0      [           main] INFO  aba.druid.pool.DruidDataSource  - {dataSource-0} closing ...
2020-06-26 15:51:50,383 0      [           main] INFO  aba.druid.pool.DruidDataSource  - {dataSource-1} inited
2020-06-26 15:51:50,624 241    [extShutdownHook] INFO  aba.druid.pool.DruidDataSource  - {dataSource-1} closing ...
2020-06-26 15:51:50,627 244    [extShutdownHook] INFO  aba.druid.pool.DruidDataSource  - {dataSource-1} closed
2020-06-26 15:54:04,968 0      [           main] INFO  aba.druid.pool.DruidDataSource  - {dataSource-1} inited
2020-06-26 15:54:05,205 237    [extShutdownHook] INFO  aba.druid.pool.DruidDataSource  - {dataSource-1} closing ...
2020-06-26 15:54:05,209 241    [extShutdownHook] INFO  aba.druid.pool.DruidDataSource  - {dataSource-1} closed
2020-06-26 15:56:29,657 0      [           main] INFO  aba.druid.pool.DruidDataSource  - {dataSource-1} inited
2020-06-26 15:56:29,930 273    [extShutdownHook] INFO  aba.druid.pool.DruidDataSource  - {dataSource-1} closing ...
2020-06-26 15:56:29,933 276    [extShutdownHook] INFO  aba.druid.pool.DruidDataSource  - {dataSource-1} closed
2020-06-26 15:57:50,239 0      [           main] INFO  aba.druid.pool.DruidDataSource  - {dataSource-1} inited
2020-06-26 15:57:50,584 345    [extShutdownHook] INFO  aba.druid.pool.DruidDataSource  - {dataSource-1} closing ...
2020-06-26 15:57:50,587 348    [extShutdownHook] INFO  aba.druid.pool.DruidDataSource  - {dataSource-1} closed
2020-06-26 16:02:56,076 0      [           main] INFO  aba.druid.pool.DruidDataSource  - {dataSource-1} inited
2020-06-26 16:02:56,781 705    [extShutdownHook] INFO  aba.druid.pool.DruidDataSource  - {dataSource-1} closing ...
2020-06-26 16:02:56,785 709    [extShutdownHook] INFO  aba.druid.pool.DruidDataSource  - {dataSource-1} closed
2020-06-26 16:37:20,291 0      [           main] INFO  aba.druid.pool.DruidDataSource  - {dataSource-1} inited
2020-06-26 16:37:20,526 235    [extShutdownHook] INFO  aba.druid.pool.DruidDataSource  - {dataSource-1} closing ...
2020-06-26 16:37:20,530 239    [extShutdownHook] INFO  aba.druid.pool.DruidDataSource  - {dataSource-1} closed
2020-06-26 16:38:01,939 0      [           main] INFO  aba.druid.pool.DruidDataSource  - {dataSource-1} inited
2020-06-26 16:38:02,174 235    [extShutdownHook] INFO  aba.druid.pool.DruidDataSource  - {dataSource-1} closing ...
2020-06-26 16:38:02,177 238    [extShutdownHook] INFO  aba.druid.pool.DruidDataSource  - {dataSource-1} closed
2020-06-26 16:38:16,244 0      [           main] INFO  aba.druid.pool.DruidDataSource  - {dataSource-1} inited
2020-06-26 16:38:16,608 364    [extShutdownHook] INFO  aba.druid.pool.DruidDataSource  - {dataSource-1} closing ...
2020-06-26 16:38:16,612 368    [extShutdownHook] INFO  aba.druid.pool.DruidDataSource  - {dataSource-1} closed
2020-06-26 16:38:58,140 0      [           main] INFO  aba.druid.pool.DruidDataSource  - {dataSource-1} inited
2020-06-26 16:38:58,464 324    [extShutdownHook] INFO  aba.druid.pool.DruidDataSource  - {dataSource-1} closing ...
2020-06-26 16:38:58,468 328    [extShutdownHook] INFO  aba.druid.pool.DruidDataSource  - {dataSource-1} closed
2020-06-26 17:52:17,296 0      [           main] INFO  aba.druid.pool.DruidDataSource  - {dataSource-1} inited
2020-06-26 17:52:17,529 233    [extShutdownHook] INFO  aba.druid.pool.DruidDataSource  - {dataSource-1} closing ...
2020-06-26 17:52:17,532 236    [extShutdownHook] INFO  aba.druid.pool.DruidDataSource  - {dataSource-1} closed
2020-06-26 17:54:13,606 0      [           main] INFO  aba.druid.pool.DruidDataSource  - {dataSource-1} inited
2020-06-26 17:54:13,826 220    [extShutdownHook] INFO  aba.druid.pool.DruidDataSource  - {dataSource-1} closing ...
2020-06-26 17:54:13,830 224    [extShutdownHook] INFO  aba.druid.pool.DruidDataSource  - {dataSource-1} closed
2020-06-27 08:52:19,620 0      [extShutdownHook] INFO  aba.druid.pool.DruidDataSource  - {dataSource-0} closing ...
2020-06-27 08:54:32,261 0      [           main] INFO  aba.druid.pool.DruidDataSource  - {dataSource-1} inited
2020-06-27 08:54:32,514 253    [extShutdownHook] INFO  aba.druid.pool.DruidDataSource  - {dataSource-1} closing ...
2020-06-27 08:54:32,519 258    [extShutdownHook] INFO  aba.druid.pool.DruidDataSource  - {dataSource-1} closed
2020-06-27 08:55:52,370 0      [           main] INFO  aba.druid.pool.DruidDataSource  - {dataSource-1} inited
2020-06-27 08:55:52,602 232    [extShutdownHook] INFO  aba.druid.pool.DruidDataSource  - {dataSource-1} closing ...
2020-06-27 08:55:52,605 235    [extShutdownHook] INFO  aba.druid.pool.DruidDataSource  - {dataSource-1} closed
2020-06-27 09:11:51,948 0      [           main] INFO  aba.druid.pool.DruidDataSource  - {dataSource-1} inited
2020-06-27 09:11:52,387 439    [extShutdownHook] INFO  aba.druid.pool.DruidDataSource  - {dataSource-1} closing ...
2020-06-27 09:11:52,390 442    [extShutdownHook] INFO  aba.druid.pool.DruidDataSource  - {dataSource-1} closed
2020-06-27 09:12:41,278 0      [           main] INFO  aba.druid.pool.DruidDataSource  - {dataSource-1} inited
2020-06-27 09:12:41,547 269    [extShutdownHook] INFO  aba.druid.pool.DruidDataSource  - {dataSource-1} closing ...
2020-06-27 09:12:41,555 277    [extShutdownHook] INFO  aba.druid.pool.DruidDataSource  - {dataSource-1} closed
2020-06-27 09:13:56,454 0      [           main] INFO  aba.druid.pool.DruidDataSource  - {dataSource-1} inited
2020-06-27 09:13:56,722 268    [extShutdownHook] INFO  aba.druid.pool.DruidDataSource  - {dataSource-1} closing ...
2020-06-27 09:13:56,726 272    [extShutdownHook] INFO  aba.druid.pool.DruidDataSource  - {dataSource-1} closed
2020-06-27 09:14:57,798 0      [           main] INFO  aba.druid.pool.DruidDataSource  - {dataSource-1} inited
2020-06-27 09:14:58,044 246    [extShutdownHook] INFO  aba.druid.pool.DruidDataSource  - {dataSource-1} closing ...
2020-06-27 09:14:58,048 250    [extShutdownHook] INFO  aba.druid.pool.DruidDataSource  - {dataSource-1} closed
2020-06-27 09:20:53,613 0      [           main] INFO  aba.druid.pool.DruidDataSource  - {dataSource-1} inited
2020-06-27 09:20:53,849 236    [extShutdownHook] INFO  aba.druid.pool.DruidDataSource  - {dataSource-1} closing ...
2020-06-27 09:20:53,852 239    [extShutdownHook] INFO  aba.druid.pool.DruidDataSource  - {dataSource-1} closed
2020-06-27 09:26:09,559 1      [           main] INFO  aba.druid.pool.DruidDataSource  - {dataSource-1} inited
2020-06-27 09:26:09,787 229    [extShutdownHook] INFO  aba.druid.pool.DruidDataSource  - {dataSource-1} closing ...
2020-06-27 09:26:09,790 232    [extShutdownHook] INFO  aba.druid.pool.DruidDataSource  - {dataSource-1} closed
2020-06-27 16:39:51,225 0      [           main] INFO  aba.druid.pool.DruidDataSource  - {dataSource-1} inited
2020-06-27 16:39:51,594 369    [extShutdownHook] INFO  aba.druid.pool.DruidDataSource  - {dataSource-1} closing ...
2020-06-27 16:39:51,598 373    [extShutdownHook] INFO  aba.druid.pool.DruidDataSource  - {dataSource-1} closed
2020-06-27 16:45:21,220 0      [           main] INFO  aba.druid.pool.DruidDataSource  - {dataSource-1} inited
2020-06-27 16:45:21,617 397    [extShutdownHook] INFO  aba.druid.pool.DruidDataSource  - {dataSource-1} closing ...
2020-06-27 16:45:21,619 399    [extShutdownHook] INFO  aba.druid.pool.DruidDataSource  - {dataSource-1} closed
2020-06-27 16:48:26,848 0      [           main] INFO  aba.druid.pool.DruidDataSource  - {dataSource-1} inited
2020-06-27 16:48:27,125 277    [extShutdownHook] INFO  aba.druid.pool.DruidDataSource  - {dataSource-1} closing ...
2020-06-27 16:48:27,128 280    [extShutdownHook] INFO  aba.druid.pool.DruidDataSource  - {dataSource-1} closed
2020-06-28 16:03:13,751 0      [           main] INFO  aba.druid.pool.DruidDataSource  - {dataSource-1} inited
2020-06-28 16:03:14,127 376    [extShutdownHook] INFO  aba.druid.pool.DruidDataSource  - {dataSource-1} closing ...
2020-06-28 16:03:14,132 381    [extShutdownHook] INFO  aba.druid.pool.DruidDataSource  - {dataSource-1} closed
2020-06-28 16:04:05,746 0      [           main] INFO  aba.druid.pool.DruidDataSource  - {dataSource-1} inited
2020-06-28 16:04:06,022 276    [extShutdownHook] INFO  aba.druid.pool.DruidDataSource  - {dataSource-1} closing ...
2020-06-28 16:04:06,024 278    [extShutdownHook] INFO  aba.druid.pool.DruidDataSource  - {dataSource-1} closed
2020-06-28 16:08:13,485 0      [           main] INFO  aba.druid.pool.DruidDataSource  - {dataSource-1} inited
2020-06-28 16:08:13,754 269    [extShutdownHook] INFO  aba.druid.pool.DruidDataSource  - {dataSource-1} closing ...
2020-06-28 16:08:13,757 272    [extShutdownHook] INFO  aba.druid.pool.DruidDataSource  - {dataSource-1} closed
2020-06-28 16:13:08,601 0      [           main] INFO  aba.druid.pool.DruidDataSource  - {dataSource-1} inited
2020-06-28 16:13:08,952 351    [extShutdownHook] INFO  aba.druid.pool.DruidDataSource  - {dataSource-1} closing ...
2020-06-28 16:13:08,955 354    [extShutdownHook] INFO  aba.druid.pool.DruidDataSource  - {dataSource-1} closed
2020-06-28 16:13:44,992 0      [           main] INFO  aba.druid.pool.DruidDataSource  - {dataSource-1} inited
2020-06-28 16:13:45,335 343    [extShutdownHook] INFO  aba.druid.pool.DruidDataSource  - {dataSource-1} closing ...
2020-06-28 16:13:45,338 346    [extShutdownHook] INFO  aba.druid.pool.DruidDataSource  - {dataSource-1} closed
2020-06-28 16:14:33,657 0      [           main] INFO  aba.druid.pool.DruidDataSource  - {dataSource-1} inited
2020-06-28 16:14:34,322 665    [extShutdownHook] INFO  aba.druid.pool.DruidDataSource  - {dataSource-1} closing ...
2020-06-28 16:14:34,325 668    [extShutdownHook] INFO  aba.druid.pool.DruidDataSource  - {dataSource-1} closed
2020-06-28 16:25:08,797 0      [           main] INFO  aba.druid.pool.DruidDataSource  - {dataSource-1} inited
2020-06-28 16:25:09,156 359    [extShutdownHook] INFO  aba.druid.pool.DruidDataSource  - {dataSource-1} closing ...
2020-06-28 16:25:09,159 362    [extShutdownHook] INFO  aba.druid.pool.DruidDataSource  - {dataSource-1} closed
2020-06-28 16:26:03,608 0      [extShutdownHook] INFO  aba.druid.pool.DruidDataSource  - {dataSource-0} closing ...
2020-06-28 16:30:36,212 0      [extShutdownHook] INFO  aba.druid.pool.DruidDataSource  - {dataSource-0} closing ...
2020-06-28 16:30:56,749 0      [           main] INFO  aba.druid.pool.DruidDataSource  - {dataSource-1} inited
2020-06-28 16:30:57,142 393    [extShutdownHook] INFO  aba.druid.pool.DruidDataSource  - {dataSource-1} closing ...
2020-06-28 16:30:57,145 396    [extShutdownHook] INFO  aba.druid.pool.DruidDataSource  - {dataSource-1} closed
2020-06-28 16:31:23,732 0      [           main] INFO  aba.druid.pool.DruidDataSource  - {dataSource-1} inited
2020-06-28 16:31:23,993 261    [extShutdownHook] INFO  aba.druid.pool.DruidDataSource  - {dataSource-1} closing ...
2020-06-28 16:31:23,995 263    [extShutdownHook] INFO  aba.druid.pool.DruidDataSource  - {dataSource-1} closed
2020-06-29 16:25:50,788 0      [           main] INFO  aba.druid.pool.DruidDataSource  - {dataSource-1} inited
2020-06-29 16:25:51,127 339    [extShutdownHook] INFO  aba.druid.pool.DruidDataSource  - {dataSource-1} closing ...
2020-06-29 16:25:51,134 346    [extShutdownHook] INFO  aba.druid.pool.DruidDataSource  - {dataSource-1} closed
2020-06-29 16:30:24,415 0      [           main] INFO  aba.druid.pool.DruidDataSource  - {dataSource-1} inited
2020-06-29 16:30:24,687 272    [extShutdownHook] INFO  aba.druid.pool.DruidDataSource  - {dataSource-1} closing ...
2020-06-29 16:30:24,691 276    [extShutdownHook] INFO  aba.druid.pool.DruidDataSource  - {dataSource-1} closed
2020-06-29 16:30:38,450 0      [           main] INFO  aba.druid.pool.DruidDataSource  - {dataSource-1} inited
2020-06-29 16:30:38,700 250    [extShutdownHook] INFO  aba.druid.pool.DruidDataSource  - {dataSource-1} closing ...
2020-06-29 16:30:38,703 253    [extShutdownHook] INFO  aba.druid.pool.DruidDataSource  - {dataSource-1} closed
2020-07-03 09:42:41,644 0      [           main] INFO  aba.druid.pool.DruidDataSource  - {dataSource-1} inited
2020-07-03 09:42:41,909 265    [extShutdownHook] INFO  aba.druid.pool.DruidDataSource  - {dataSource-1} closing ...
2020-07-03 09:42:41,926 282    [extShutdownHook] INFO  aba.druid.pool.DruidDataSource  - {dataSource-1} closed
2020-07-03 09:43:31,976 0      [           main] INFO  aba.druid.pool.DruidDataSource  - {dataSource-1} inited
2020-07-03 09:43:32,233 257    [extShutdownHook] INFO  aba.druid.pool.DruidDataSource  - {dataSource-1} closing ...
2020-07-03 09:43:32,236 260    [extShutdownHook] INFO  aba.druid.pool.DruidDataSource  - {dataSource-1} closed
2020-07-03 09:46:10,984 0      [           main] INFO  aba.druid.pool.DruidDataSource  - {dataSource-1} inited
2020-07-03 09:46:11,410 426    [extShutdownHook] INFO  aba.druid.pool.DruidDataSource  - {dataSource-1} closing ...
2020-07-03 09:46:11,413 429    [extShutdownHook] INFO  aba.druid.pool.DruidDataSource  - {dataSource-1} closed
2020-07-03 09:53:56,730 0      [           main] INFO  aba.druid.pool.DruidDataSource  - {dataSource-1} inited
2020-07-03 09:53:57,181 451    [extShutdownHook] INFO  aba.druid.pool.DruidDataSource  - {dataSource-1} closing ...
2020-07-03 09:53:57,186 456    [extShutdownHook] INFO  aba.druid.pool.DruidDataSource  - {dataSource-1} closed
2020-07-03 09:54:22,727 0      [           main] INFO  aba.druid.pool.DruidDataSource  - {dataSource-1} inited
2020-07-03 09:54:23,170 443    [extShutdownHook] INFO  aba.druid.pool.DruidDataSource  - {dataSource-1} closing ...
2020-07-03 09:54:23,173 446    [extShutdownHook] INFO  aba.druid.pool.DruidDataSource  - {dataSource-1} closed
2020-07-03 09:54:37,662 0      [           main] INFO  aba.druid.pool.DruidDataSource  - {dataSource-1} inited
2020-07-03 09:54:38,091 429    [extShutdownHook] INFO  aba.druid.pool.DruidDataSource  - {dataSource-1} closing ...
2020-07-03 09:54:38,094 432    [extShutdownHook] INFO  aba.druid.pool.DruidDataSource  - {dataSource-1} closed
2020-07-03 11:27:21,887 0      [           main] INFO  aba.druid.pool.DruidDataSource  - {dataSource-1} inited
2020-07-03 11:27:22,153 266    [extShutdownHook] INFO  aba.druid.pool.DruidDataSource  - {dataSource-1} closing ...
2020-07-03 11:27:22,157 270    [extShutdownHook] INFO  aba.druid.pool.DruidDataSource  - {dataSource-1} closed
2020-07-03 11:56:55,646 0      [extShutdownHook] INFO  aba.druid.pool.DruidDataSource  - {dataSource-0} closing ...
2020-07-03 13:48:48,139 0      [           main] INFO  aba.druid.pool.DruidDataSource  - {dataSource-1} inited
2020-07-03 13:48:48,558 419    [extShutdownHook] INFO  aba.druid.pool.DruidDataSource  - {dataSource-1} closing ...
2020-07-03 13:48:48,562 423    [extShutdownHook] INFO  aba.druid.pool.DruidDataSource  - {dataSource-1} closed
2020-07-03 13:50:57,792 0      [           main] INFO  aba.druid.pool.DruidDataSource  - {dataSource-1} inited
2020-07-03 13:50:58,041 249    [extShutdownHook] INFO  aba.druid.pool.DruidDataSource  - {dataSource-1} closing ...
2020-07-03 13:50:58,045 253    [extShutdownHook] INFO  aba.druid.pool.DruidDataSource  - {dataSource-1} closed
2020-07-03 13:54:21,421 0      [           main] INFO  aba.druid.pool.DruidDataSource  - {dataSource-1} inited
2020-07-03 13:54:21,731 310    [extShutdownHook] INFO  aba.druid.pool.DruidDataSource  - {dataSource-1} closing ...
2020-07-03 13:54:21,736 315    [extShutdownHook] INFO  aba.druid.pool.DruidDataSource  - {dataSource-1} closed
2020-07-03 13:54:56,700 0      [           main] INFO  aba.druid.pool.DruidDataSource  - {dataSource-1} inited
2020-07-03 13:54:56,990 290    [extShutdownHook] INFO  aba.druid.pool.DruidDataSource  - {dataSource-1} closing ...
2020-07-03 13:54:56,993 293    [extShutdownHook] INFO  aba.druid.pool.DruidDataSource  - {dataSource-1} closed
2020-07-03 13:57:48,442 0      [           main] INFO  aba.druid.pool.DruidDataSource  - {dataSource-1} inited
2020-07-03 13:57:48,935 493    [extShutdownHook] INFO  aba.druid.pool.DruidDataSource  - {dataSource-1} closing ...
2020-07-03 13:57:48,939 497    [extShutdownHook] INFO  aba.druid.pool.DruidDataSource  - {dataSource-1} closed
2020-07-03 14:32:22,086 0      [           main] INFO  aba.druid.pool.DruidDataSource  - {dataSource-1} inited
2020-07-03 14:32:22,539 453    [extShutdownHook] INFO  aba.druid.pool.DruidDataSource  - {dataSource-1} closing ...
2020-07-03 14:32:22,544 458    [extShutdownHook] INFO  aba.druid.pool.DruidDataSource  - {dataSource-1} closed
2020-07-03 15:21:56,343 0      [           main] INFO  aba.druid.pool.DruidDataSource  - {dataSource-1} inited
2020-07-03 15:21:56,771 428    [extShutdownHook] INFO  aba.druid.pool.DruidDataSource  - {dataSource-1} closing ...
2020-07-03 15:21:56,776 433    [extShutdownHook] INFO  aba.druid.pool.DruidDataSource  - {dataSource-1} closed
2020-07-03 15:22:34,468 0      [           main] INFO  aba.druid.pool.DruidDataSource  - {dataSource-1} inited
2020-07-03 15:22:34,922 454    [extShutdownHook] INFO  aba.druid.pool.DruidDataSource  - {dataSource-1} closing ...
2020-07-03 15:22:34,927 459    [extShutdownHook] INFO  aba.druid.pool.DruidDataSource  - {dataSource-1} closed
